#
# There is insufficient memory for the Java Runtime Environment to continue.
# Native memory allocation (mmap) failed to map 268435456 bytes for Failed to commit area from 0x0000000700c00000 to 0x0000000710c00000 of length 268435456.
# Possible reasons:
#   The system is out of physical RAM or swap space
#   The process is running with CompressedOops enabled, and the Java Heap may be blocking the growth of the native heap
# Possible solutions:
#   Reduce memory load on the system
#   Increase physical memory or swap space
#   Check if swap backing store is full
#   Decrease Java heap size (-Xmx/-Xms)
#   Decrease number of Java threads
#   Decrease Java thread stack sizes (-Xss)
#   Set larger code cache with -XX:ReservedCodeCacheSize=
# This output file may be truncated or incomplete.
#
#  Out of Memory Error (./src/hotspot/os/windows/os_windows.cpp:3301), pid=9432, tid=17076
#
# JRE version:  (11.0.10) (build )
# Java VM: OpenJDK 64-Bit Server VM (11.0.10+0-b96-7249189, mixed mode, sharing, tiered, compressed oops, g1 gc, windows-amd64)
# No core dump will be written. Minidumps are not enabled by default on client versions of Windows
#

---------------  S U M M A R Y ------------

Command Line: org.jetbrains.kotlin.cli.jvm.K2JVMCompiler @C:\Users\Dora\AndroidStudioProjects\fasionbook\app\build\20211011_3948084650428084435.compiler.options

Host: Intel(R) Core(TM) i3-9100F CPU @ 3.60GHz, 4 cores, 15G,  Windows 10 , 64 bit Build 17763 (10.0.17763.2145)
Time: Mon Oct 11 19:59:59 2021 RTZ 2 (ceia) elapsed time: 0.013009 seconds (0d 0h 0m 0s)

---------------  T H R E A D  ---------------

Current thread (0x0000015ce7afd000):  JavaThread "Unknown thread" [_thread_in_vm, id=17076, stack(0x0000002efd600000,0x0000002efd700000)]

Stack: [0x0000002efd600000,0x0000002efd700000]
Native frames: (J=compiled Java code, j=interpreted, Vv=VM code, C=native code)
V  [jvm.dll+0x5ecfaa]
V  [jvm.dll+0x722bd5]
V  [jvm.dll+0x72412d]
V  [jvm.dll+0x7247e3]
V  [jvm.dll+0x242928]
V  [jvm.dll+0x5ea374]
V  [jvm.dll+0x5df425]
V  [jvm.dll+0x2fdebb]
V  [jvm.dll+0x2fde2a]
V  [jvm.dll+0x2fdd02]
V  [jvm.dll+0x302bf6]
V  [jvm.dll+0x34b2a3]
V  [jvm.dll+0x34b9a6]
V  [jvm.dll+0x34b3a3]
V  [jvm.dll+0x2d8888]
V  [jvm.dll+0x2d9a37]
V  [jvm.dll+0x701737]
V  [jvm.dll+0x702f2c]
V  [jvm.dll+0x3587d9]
V  [jvm.dll+0x6e4fae]
V  [jvm.dll+0x3c0be3]
V  [jvm.dll+0x3c2e91]
C  [jli.dll+0x5373]
C  [ucrtbase.dll+0x2268a]
C  [KERNEL32.DLL+0x17974]
C  [ntdll.dll+0x5a2f1]


---------------  P R O C E S S  ---------------

Threads class SMR info:
_java_thread_list=0x0000015ce59b5550, length=0, elements={
}

Java Threads: ( => current thread )

Other Threads:
  0x0000015ce7b16000 GCTaskThread "GC Thread#0" [stack: 0x0000002efd700000,0x0000002efd800000] [id=10560]
  0x0000015ce7b72800 ConcurrentGCThread "G1 Main Marker" [stack: 0x0000002efd800000,0x0000002efd900000] [id=5032]
  0x0000015ce7b74800 ConcurrentGCThread "G1 Conc#0" [stack: 0x0000002efd900000,0x0000002efda00000] [id=8496]

[error occurred during error reporting (printing all threads), id 0xc0000005, EXCEPTION_ACCESS_VIOLATION (0xc0000005) at pc=0x00007ffd31989107]

VM state:not at safepoint (not fully initialized)

VM Mutex/Monitor currently owned by a thread:  ([mutex/lock_event])
[0x0000015ce7af9890] Heap_lock - owner thread: 0x0000015ce7afd000

Heap address: 0x0000000700c00000, size: 4084 MB, Compressed Oops mode: Non-zero based: 0x0000000700c00000
Narrow klass base: 0x0000000000000000, Narrow klass shift: 0

GC Heap History (0 events):
No events

Deoptimization events (0 events):
No events

Classes redefined (0 events):
No events

Internal exceptions (0 events):
No events

Events (1 events):
Event: 0.008 Loaded shared library C:\Program Files\Android\Android Studio\jre\bin\zip.dll


Dynamic libraries:
0x00007ff6f2630000 - 0x00007ff6f263a000 	C:\Program Files\Android\Android Studio\jre\bin\java.exe
0x00007ffd6d8a0000 - 0x00007ffd6da8d000 	C:\Windows\SYSTEM32\ntdll.dll
0x00007ffd6d000000 - 0x00007ffd6d0b4000 	C:\Windows\System32\KERNEL32.DLL
0x00007ffd6a700000 - 0x00007ffd6a995000 	C:\Windows\System32\KERNELBASE.dll
0x00007ffd69960000 - 0x00007ffd69a5a000 	C:\Windows\System32\ucrtbase.dll
0x00007ffd353f0000 - 0x00007ffd35407000 	C:\Program Files\Android\Android Studio\jre\bin\VCRUNTIME140.dll
0x00007ffd36580000 - 0x00007ffd36599000 	C:\Program Files\Android\Android Studio\jre\bin\jli.dll
0x00007ffd6ce60000 - 0x00007ffd6cff8000 	C:\Windows\System32\USER32.dll
0x00007ffd5c000000 - 0x00007ffd5c279000 	C:\Windows\WinSxS\amd64_microsoft.windows.common-controls_6595b64144ccf1df_6.0.17763.2183_none_de75a23453475286\COMCTL32.dll
0x00007ffd6a9a0000 - 0x00007ffd6a9c0000 	C:\Windows\System32\win32u.dll
0x00007ffd6c960000 - 0x00007ffd6c9fe000 	C:\Windows\System32\msvcrt.dll
0x00007ffd6d0d0000 - 0x00007ffd6d0f9000 	C:\Windows\System32\GDI32.dll
0x00007ffd69a60000 - 0x00007ffd69bfc000 	C:\Windows\System32\gdi32full.dll
0x00007ffd6ad50000 - 0x00007ffd6b07d000 	C:\Windows\System32\combase.dll
0x00007ffd6a3a0000 - 0x00007ffd6a440000 	C:\Windows\System32\msvcp_win.dll
0x00007ffd6b1e0000 - 0x00007ffd6b2ff000 	C:\Windows\System32\RPCRT4.dll
0x00007ffd6aa40000 - 0x00007ffd6aac2000 	C:\Windows\System32\bcryptPrimitives.dll
0x00007ffd6b130000 - 0x00007ffd6b15e000 	C:\Windows\System32\IMM32.DLL
0x00007ffd349f0000 - 0x00007ffd34a8d000 	C:\Program Files\Android\Android Studio\jre\bin\msvcp140.dll
0x00007ffd316a0000 - 0x00007ffd3216f000 	C:\Program Files\Android\Android Studio\jre\bin\server\jvm.dll
0x00007ffd6cdb0000 - 0x00007ffd6ce54000 	C:\Windows\System32\ADVAPI32.dll
0x00007ffd6cb30000 - 0x00007ffd6cbce000 	C:\Windows\System32\sechost.dll
0x00007ffd6b3c0000 - 0x00007ffd6b3c8000 	C:\Windows\System32\PSAPI.DLL
0x00007ffd65970000 - 0x00007ffd65979000 	C:\Windows\SYSTEM32\WSOCK32.dll
0x00007ffd6d800000 - 0x00007ffd6d86d000 	C:\Windows\System32\WS2_32.dll
0x00007ffd675d0000 - 0x00007ffd675f4000 	C:\Windows\SYSTEM32\WINMM.dll
0x00007ffd641f0000 - 0x00007ffd641fa000 	C:\Windows\SYSTEM32\VERSION.dll
0x00007ffd67480000 - 0x00007ffd674ad000 	C:\Windows\SYSTEM32\WINMMBASE.dll
0x00007ffd69c00000 - 0x00007ffd69c4a000 	C:\Windows\System32\cfgmgr32.dll
0x00007ffd69890000 - 0x00007ffd698a1000 	C:\Windows\System32\kernel.appcore.dll
0x00007ffd4b510000 - 0x00007ffd4b521000 	C:\Program Files\Android\Android Studio\jre\bin\verify.dll
0x00007ffd5f2d0000 - 0x00007ffd5f4bd000 	C:\Windows\SYSTEM32\DBGHELP.DLL
0x00007ffd5f900000 - 0x00007ffd5f92a000 	C:\Windows\SYSTEM32\dbgcore.DLL
0x00007ffd4b4e0000 - 0x00007ffd4b509000 	C:\Program Files\Android\Android Studio\jre\bin\java.dll
0x00007ffd633f0000 - 0x00007ffd633fb000 	C:\Program Files\Android\Android Studio\jre\bin\jimage.dll
0x00007ffd4b4c0000 - 0x00007ffd4b4d8000 	C:\Program Files\Android\Android Studio\jre\bin\zip.dll

dbghelp: loaded successfully - version: 4.0.5 - missing functions: none
symbol engine: initialized successfully - sym options: 0x614 - pdb path: .;C:\Program Files\Android\Android Studio\jre\bin;C:\Windows\SYSTEM32;C:\Windows\WinSxS\amd64_microsoft.windows.common-controls_6595b64144ccf1df_6.0.17763.2183_none_de75a23453475286;C:\Program Files\Android\Android Studio\jre\bin\server

VM Arguments:
java_command: org.jetbrains.kotlin.cli.jvm.K2JVMCompiler @C:\Users\Dora\AndroidStudioProjects\fasionbook\app\build\20211011_3948084650428084435.compiler.options
java_class_path (initial): C:\flutter\bin\caches\modules-2\files-2.1\org.jetbrains.kotlin\kotlin-compiler-embeddable\1.5.31\cc18c29253541dc57c25c3ef514d63c7953ae1a6\kotlin-compiler-embeddable-1.5.31.jar;C:\flutter\bin\caches\modules-2\files-2.1\org.jetbrains.kotlin\kotlin-reflect\1.5.31\1523fcd842a47da0820cea772b19c51056fec8a9\kotlin-reflect-1.5.31.jar;C:\flutter\bin\caches\modules-2\files-2.1\org.jetbrains.kotlin\kotlin-stdlib\1.5.31\6628d61d0f5603568e72d2d5915d2c034b4f1c55\kotlin-stdlib-1.5.31.jar;C:\flutter\bin\caches\modules-2\files-2.1\org.jetbrains.kotlin\kotlin-script-runtime\1.5.31\aaea854be2cfc06373dfc11be5a6ba9ca5ca84a6\kotlin-script-runtime-1.5.31.jar;C:\flutter\bin\caches\modules-2\files-2.1\org.jetbrains.kotlin\kotlin-daemon-embeddable\1.5.31\d19b549661e28c62781683dc7c7e34bf416974f1\kotlin-daemon-embeddable-1.5.31.jar;C:\flutter\bin\caches\modules-2\files-2.1\org.jetbrains.intellij.deps\trove4j\1.0.20181211\216c2e14b070f334479d800987affe4054cd563f\trove4j-1.0.20181211.jar;C:\flutter\bin\caches\modules-2\files-2.1\org.jetbrains\annotations\13.0\919f0dfe192fb4e063e7dacadee7f8bb9a2672a9\annotations-13.0.jar;C:\flutter\bin\caches\modules-2\files-2.1\org.jetbrains.kotlin\kotlin-stdlib-common\1.5.31\43331609c7de811fed085e0dfd150874b157c32\kotlin-stdlib-common-1.5.31.jar
Launcher Type: SUN_STANDARD

[Global flags]
     intx CICompilerCount                          = 3                                         {product} {ergonomic}
     uint ConcGCThreads                            = 1                                         {product} {ergonomic}
     uint G1ConcRefinementThreads                  = 4                                         {product} {ergonomic}
   size_t G1HeapRegionSize                         = 1048576                                   {product} {ergonomic}
    uintx GCDrainStackTargetSize                   = 64                                        {product} {ergonomic}
   size_t InitialHeapSize                          = 268435456                                 {product} {ergonomic}
   size_t MarkStackSize                            = 4194304                                   {product} {ergonomic}
   size_t MaxHeapSize                              = 4282384384                                {product} {ergonomic}
   size_t MinHeapDeltaBytes                        = 1048576                                   {product} {ergonomic}
    uintx NonNMethodCodeHeapSize                   = 5830732                                {pd product} {ergonomic}
    uintx NonProfiledCodeHeapSize                  = 122913754                              {pd product} {ergonomic}
    uintx ProfiledCodeHeapSize                     = 122913754                              {pd product} {ergonomic}
    uintx ReservedCodeCacheSize                    = 251658240                              {pd product} {ergonomic}
     bool SegmentedCodeCache                       = true                                      {product} {ergonomic}
     bool UseCompressedClassPointers               = true                                 {lp64_product} {ergonomic}
     bool UseCompressedOops                        = true                                 {lp64_product} {ergonomic}
     bool UseG1GC                                  = true                                      {product} {ergonomic}
     bool UseLargePagesIndividualAllocation        = false                                  {pd product} {ergonomic}

Logging:
Log output configuration:
 #0: stdout all=warning uptime,level,tags
 #1: stderr all=off uptime,level,tags

Environment Variables:
PATH=C:\Program Files (x86)\PC Connectivity Solution\;C:\Program Files (x86)\Common Files\Intel\Shared Libraries\redist\intel64\compiler;C:\Program Files (x86)\Common Files\Oracle\Java\javapath;C:\Windows\system32;C:\Windows;C:\Windows\System32\Wbem;C:\Windows\System32\WindowsPowerShell\v1.0\;C:\Windows\System32\OpenSSH\;C:\Program Files (x86)\NVIDIA Corporation\PhysX\Common;C:\Program Files\Git\cmd;C:\Windows\system32\wbem;C:\Program Files (x86)\IVT Corporation\BlueSoleil\Mobile;C:\Users\Dora\Desktop\flutter\bin;C:\Users\Dora\AppData\Local\Microsoft\WindowsApps;C:\Users\Dora\AppData\Local\Programs\Microsoft VS Code\bin;C:\flutter\bin;
USERNAME=Dora
OS=Windows_NT
PROCESSOR_IDENTIFIER=Intel64 Family 6 Model 158 Stepping 10, GenuineIntel



---------------  S Y S T E M  ---------------

OS: Windows 10 , 64 bit Build 17763 (10.0.17763.2145)
OS uptime: 2 days 18:22 hours

CPU:total 4 (initial active 4) (4 cores per cpu, 1 threads per core) family 6 model 158 stepping 10 microcode 0xde, cmov, cx8, fxsr, mmx, sse, sse2, sse3, ssse3, sse4.1, sse4.2, popcnt, avx, avx2, aes, clmul, erms, 3dnowpref, lzcnt, tsc, tscinvbit, bmi1, bmi2, adx, fma

Memory: 4k page, system-wide physical 16328M (3399M free)
TotalPageFile size 18376M (AvailPageFile size 164M)
current process WorkingSet (physical memory assigned to process): 10M, peak: 10M
current process commit charge ("private bytes"): 52M, peak: 308M

vm_info: OpenJDK 64-Bit Server VM (11.0.10+0-b96-7249189) for windows-amd64 JRE (11.0.10+0-b96-7249189), built on Mar 31 2021 21:44:00 by "builder" with MS VC++ 14.0 (VS2015)

END.
